--------------------------------------------------------------------------------
03 Oct 2006 - v 0.3.1 - WowAce, Externals, Localization 2.0
--------------------------------------------------------------------------------
+ Added to wowace svn.
+ Added externals.
+ Updated to AceLocale-2.0

--------------------------------------------------------------------------------
03 Oct 2006 - v 0.3 - Localization!
--------------------------------------------------------------------------------
+ Added localization. Send me foreign languages.
+ Added /cater short command line alias (I know, not that much shorter. I'm open to suggestions)
+ Played with some text colors.

--------------------------------------------------------------------------------
02 Oct 2006 - v 0.2.1 - OOPS!
--------------------------------------------------------------------------------
+ Removed some debug spam. Sorry!

--------------------------------------------------------------------------------
02 Oct 2006 - v 0.2 - Alpha release to add filters, named individuals.
--------------------------------------------------------------------------------
+ Added filters for raid/group, guild, anyone.
+ Added command line configuration for filters. /caterer option[s] show|group|raid|guild|anyone
+ Added named individuals feature.
+ Fixed .toc to allow for saved variables.

--------------------------------------------------------------------------------
29 Sep 2006 - v 0.1 - Alpha release to test basic functionality.
--------------------------------------------------------------------------------
+ Basic class trades with full stacks.

